Determining if the pthread_create exist failed with the following output:
Change Dir: /home/mercydude/University/semester05/os/projects/ex3/cmake-build-debug/CMakeFiles/CMakeTmp

Run Build Command(s):/usr/bin/make cmTC_1be74/fast 
/usr/bin/make -f CMakeFiles/cmTC_1be74.dir/build.make CMakeFiles/cmTC_1be74.dir/build
make[1]: Entering directory '/home/mercydude/University/semester05/os/projects/ex3/cmake-build-debug/CMakeFiles/CMakeTmp'
Building C object CMakeFiles/cmTC_1be74.dir/CheckSymbolExists.c.o
/usr/bin/cc    -o CMakeFiles/cmTC_1be74.dir/CheckSymbolExists.c.o   -c /home/mercydude/University/semester05/os/projects/ex3/cmake-build-debug/CMakeFiles/CMakeTmp/CheckSymbolExists.c
Linking C executable cmTC_1be74
/opt/clion-2019.1.4/bin/cmake/linux/bin/cmake -E cmake_link_script CMakeFiles/cmTC_1be74.dir/link.txt --verbose=1
/usr/bin/cc      CMakeFiles/cmTC_1be74.dir/CheckSymbolExists.c.o  -o cmTC_1be74 
CMakeFiles/cmTC_1be74.dir/CheckSymbolExists.c.o: In function `main':
CheckSymbolExists.c:(.text+0x1b): undefined reference to `pthread_create'
collect2: error: ld returned 1 exit status
CMakeFiles/cmTC_1be74.dir/build.make:86: recipe for target 'cmTC_1be74' failed
make[1]: *** [cmTC_1be74] Error 1
make[1]: Leaving directory '/home/mercydude/University/semester05/os/projects/ex3/cmake-build-debug/CMakeFiles/CMakeTmp'
Makefile:121: recipe for target 'cmTC_1be74/fast' failed
make: *** [cmTC_1be74/fast] Error 2

File /home/mercydude/University/semester05/os/projects/ex3/cmake-build-debug/CMakeFiles/CMakeTmp/CheckSymbolExists.c:
/* */
#include <pthread.h>

int main(int argc, char** argv)
{
  (void)argv;
#ifndef pthread_create
  return ((int*)(&pthread_create))[argc];
#else
  (void)argc;
  return 0;
#endif
}

Determining if the function pthread_create exists in the pthreads failed with the following output:
Change Dir: /home/mercydude/University/semester05/os/projects/ex3/cmake-build-debug/CMakeFiles/CMakeTmp

Run Build Command(s):/usr/bin/make cmTC_dc783/fast 
/usr/bin/make -f CMakeFiles/cmTC_dc783.dir/build.make CMakeFiles/cmTC_dc783.dir/build
make[1]: Entering directory '/home/mercydude/University/semester05/os/projects/ex3/cmake-build-debug/CMakeFiles/CMakeTmp'
Building C object CMakeFiles/cmTC_dc783.dir/CheckFunctionExists.c.o
/usr/bin/cc   -DCHECK_FUNCTION_EXISTS=pthread_create   -o CMakeFiles/cmTC_dc783.dir/CheckFunctionExists.c.o   -c /opt/clion-2019.1.4/bin/cmake/linux/share/cmake-3.14/Modules/CheckFunctionExists.c
Linking C executable cmTC_dc783
/opt/clion-2019.1.4/bin/cmake/linux/bin/cmake -E cmake_link_script CMakeFiles/cmTC_dc783.dir/link.txt --verbose=1
/usr/bin/cc  -DCHECK_FUNCTION_EXISTS=pthread_create    CMakeFiles/cmTC_dc783.dir/CheckFunctionExists.c.o  -o cmTC_dc783 -lpthreads 
/usr/bin/ld: cannot find -lpthreads
collect2: error: ld returned 1 exit status
CMakeFiles/cmTC_dc783.dir/build.make:86: recipe for target 'cmTC_dc783' failed
make[1]: *** [cmTC_dc783] Error 1
make[1]: Leaving directory '/home/mercydude/University/semester05/os/projects/ex3/cmake-build-debug/CMakeFiles/CMakeTmp'
Makefile:121: recipe for target 'cmTC_dc783/fast' failed
make: *** [cmTC_dc783/fast] Error 2


