Determining if the pthread_create exist failed with the following output:
Change Dir: /home/mercydude/University/semester05/os/projects/ex2/cmake-build-debug/CMakeFiles/CMakeTmp

Run Build Command(s):/usr/bin/make cmTC_bafce/fast 
/usr/bin/make -f CMakeFiles/cmTC_bafce.dir/build.make CMakeFiles/cmTC_bafce.dir/build
make[1]: Entering directory '/home/mercydude/University/semester05/os/projects/ex2/cmake-build-debug/CMakeFiles/CMakeTmp'
Building C object CMakeFiles/cmTC_bafce.dir/CheckSymbolExists.c.o
/usr/bin/cc    -o CMakeFiles/cmTC_bafce.dir/CheckSymbolExists.c.o   -c /home/mercydude/University/semester05/os/projects/ex2/cmake-build-debug/CMakeFiles/CMakeTmp/CheckSymbolExists.c
Linking C executable cmTC_bafce
/opt/clion-2019.1.4/bin/cmake/linux/bin/cmake -E cmake_link_script CMakeFiles/cmTC_bafce.dir/link.txt --verbose=1
/usr/bin/cc      -rdynamic CMakeFiles/cmTC_bafce.dir/CheckSymbolExists.c.o  -o cmTC_bafce 
CMakeFiles/cmTC_bafce.dir/CheckSymbolExists.c.o: In function `main':
CheckSymbolExists.c:(.text+0x1b): undefined reference to `pthread_create'
collect2: error: ld returned 1 exit status
CMakeFiles/cmTC_bafce.dir/build.make:86: recipe for target 'cmTC_bafce' failed
make[1]: *** [cmTC_bafce] Error 1
make[1]: Leaving directory '/home/mercydude/University/semester05/os/projects/ex2/cmake-build-debug/CMakeFiles/CMakeTmp'
Makefile:121: recipe for target 'cmTC_bafce/fast' failed
make: *** [cmTC_bafce/fast] Error 2

File /home/mercydude/University/semester05/os/projects/ex2/cmake-build-debug/CMakeFiles/CMakeTmp/CheckSymbolExists.c:
/* */
#include <pthread.h>

int main(int argc, char** argv)
{
  (void)argv;
#ifndef pthread_create
  return ((int*)(&pthread_create))[argc];
#else
  (void)argc;
  return 0;
#endif
}

Determining if the function pthread_create exists in the pthreads failed with the following output:
Change Dir: /home/mercydude/University/semester05/os/projects/ex2/cmake-build-debug/CMakeFiles/CMakeTmp

Run Build Command(s):/usr/bin/make cmTC_d9185/fast 
/usr/bin/make -f CMakeFiles/cmTC_d9185.dir/build.make CMakeFiles/cmTC_d9185.dir/build
make[1]: Entering directory '/home/mercydude/University/semester05/os/projects/ex2/cmake-build-debug/CMakeFiles/CMakeTmp'
Building C object CMakeFiles/cmTC_d9185.dir/CheckFunctionExists.c.o
/usr/bin/cc   -DCHECK_FUNCTION_EXISTS=pthread_create   -o CMakeFiles/cmTC_d9185.dir/CheckFunctionExists.c.o   -c /opt/clion-2019.1.4/bin/cmake/linux/share/cmake-3.14/Modules/CheckFunctionExists.c
Linking C executable cmTC_d9185
/opt/clion-2019.1.4/bin/cmake/linux/bin/cmake -E cmake_link_script CMakeFiles/cmTC_d9185.dir/link.txt --verbose=1
/usr/bin/cc  -DCHECK_FUNCTION_EXISTS=pthread_create    -rdynamic CMakeFiles/cmTC_d9185.dir/CheckFunctionExists.c.o  -o cmTC_d9185 -lpthreads 
/usr/bin/ld: cannot find -lpthreads
collect2: error: ld returned 1 exit status
CMakeFiles/cmTC_d9185.dir/build.make:86: recipe for target 'cmTC_d9185' failed
make[1]: *** [cmTC_d9185] Error 1
make[1]: Leaving directory '/home/mercydude/University/semester05/os/projects/ex2/cmake-build-debug/CMakeFiles/CMakeTmp'
Makefile:121: recipe for target 'cmTC_d9185/fast' failed
make: *** [cmTC_d9185/fast] Error 2


